
Showing logs for build [32mcb-kubecd-environment-pr-199-11-kpgch-1[0m stage [32mfrom-build-pack[0m and container [32mstep-credential-initializer-q2lb4[0m
{"level":"warn","ts":1586742112.1735725,"logger":"fallback-logger","caller":"logging/config.go:69","msg":"Fetch GitHub commit ID from kodata failed: \"ref: refs/heads/0.8.0-**-support-backwards-incompats\" is not a valid GitHub commit ID"}
{"level":"info","ts":1586742112.1741416,"logger":"fallback-logger","caller":"creds-init/main.go:40","msg":"Credentials initialized."}

Showing logs for build [32mcb-kubecd-environment-pr-199-11-kpgch-1[0m stage [32mfrom-build-pack[0m and container [32mstep-working-dir-initializer-79vbh[0m
{"level":"warn","ts":1586742113.2154086,"logger":"fallback-logger","caller":"logging/config.go:69","msg":"Fetch GitHub commit ID from kodata failed: open /var/run/ko/HEAD: no such file or directory"}
{"level":"info","ts":1586742113.2173562,"logger":"fallback-logger","caller":"bash/main.go:64","msg":"Successfully executed command \"sh -c mkdir -p /workspace/source\"; output "}

Showing logs for build [32mcb-kubecd-environment-pr-199-11-kpgch-1[0m stage [32mfrom-build-pack[0m and container [32mstep-place-tools[0m

Showing logs for build [32mcb-kubecd-environment-pr-199-11-kpgch-1[0m stage [32mfrom-build-pack[0m and container [32mstep-git-source-cb-kubecd-environment-pr-199-11-kpgch-nhfmt[0m
{"level":"warn","ts":1586742116.4273179,"logger":"fallback-logger","caller":"logging/config.go:69","msg":"Fetch GitHub commit ID from kodata failed: \"ref: refs/heads/0.8.0-**-support-backwards-incompats\" is not a valid GitHub commit ID"}
{"level":"info","ts":1586742117.4593053,"logger":"fallback-logger","caller":"git/git.go:103","msg":"Successfully cloned https://github.com/cb-kubecd/environment-pr-199-113-boot-gke-staging.git @ master in path /workspace/source"}

Showing logs for build [32mcb-kubecd-environment-pr-199-11-kpgch-1[0m stage [32mfrom-build-pack[0m and container [32mstep-git-merge[0m
Using SHAs from PULL_REFS=master:ece7a5e483441baa45d288bd0b73b74ce9f185a8,6:79d9dea95ce3902f47cdf9fdf9034bf653e74ddf
DEBUG: JX_LOG_LEVEL=error LC_ALL=C git fetch origin --unshallow 79d9dea95ce3902f47cdf9fdf9034bf653e74ddf: ece7a5e483441baa45d288bd0b73b74ce9f185a8:
DEBUG: ran git fetch --unshallow origin 79d9dea95ce3902f47cdf9fdf9034bf653e74ddf: ece7a5e483441baa45d288bd0b73b74ce9f185a8: in 
DEBUG: LC_ALL=C JX_LOG_LEVEL=error git branch
DEBUG: LC_ALL=C JX_LOG_LEVEL=error git checkout master
DEBUG: ran git checkout master in 
DEBUG: LC_ALL=C JX_LOG_LEVEL=error git reset --hard ece7a5e483441baa45d288bd0b73b74ce9f185a8
DEBUG: ran git reset --hard ece7a5e483441baa45d288bd0b73b74ce9f185a8 in 
DEBUG: LC_ALL=C JX_LOG_LEVEL=error git clean -fd .
DEBUG: ran clean --force -d . in 
DEBUG: LC_ALL=C JX_LOG_LEVEL=error git merge 79d9dea95ce3902f47cdf9fdf9034bf653e74ddf
DEBUG: ran git merge 79d9dea95ce3902f47cdf9fdf9034bf653e74ddf in 
DEBUG: JX_LOG_LEVEL=error LC_ALL=C git log --format=%H%x1f%an%x1f%ae%x1f%cn%x1f%ce%x1f%s%n%b%x1e ece7a5e483441baa45d288bd0b73b74ce9f185a8..HEAD
Merged SHA 79d9dea95ce3902f47cdf9fdf9034bf653e74ddf with commit message 'chore: Promote bdd-sbrp-import-1586741384 to version 0.0.1' into base branch master

Showing logs for build [32mcb-kubecd-environment-pr-199-11-kpgch-1[0m stage [32mfrom-build-pack[0m and container [32mstep-build-helm-build[0m
WARNING: No $CHART_REPOSITORY defined so using the default value of: http://jenkins-x-chartmuseum:8080
Adding missing Helm repo: storage.googleapis.com https://storage.googleapis.com/chartmuseum.jenkins-x.io
WARNING: No secrets found on "helm/repos" due: reading the secret "helm/repos" from vault: no secret "helm/repos" not found in vault
Read credentials for https://storage.googleapis.com/chartmuseum.jenkins-x.io from vault helm/repos
Successfully added Helm repository storage.googleapis.com.
Adding missing Helm repo: jenkins-x-chartmuseum http://jenkins-x-chartmuseum:8080
WARNING: No secrets found on "helm/repos" due: reading the secret "helm/repos" from vault: no secret "helm/repos" not found in vault
Read credentials for http://jenkins-x-chartmuseum:8080 from vault helm/repos
Successfully added Helm repository jenkins-x-chartmuseum.
WARNING: No $CHART_REPOSITORY defined so using the default value of: http://jenkins-x-chartmuseum:8080
Adding missing Helm repo: chartmuseum.jenkins-x.io http://chartmuseum.jenkins-x.io
WARNING: No secrets found on "helm/repos" due: reading the secret "helm/repos" from vault: no secret "helm/repos" not found in vault
Read credentials for http://chartmuseum.jenkins-x.io from vault helm/repos
Successfully added Helm repository chartmuseum.jenkins-x.io.
