
Showing logs for build [32mcb-kubecd-environment-pr-199-11-kwsmq-1[0m stage [32mfrom-build-pack[0m and container [32mstep-credential-initializer-df7zc[0m
{"level":"warn","ts":1586742658.2376509,"logger":"fallback-logger","caller":"logging/config.go:69","msg":"Fetch GitHub commit ID from kodata failed: \"ref: refs/heads/0.8.0-**-support-backwards-incompats\" is not a valid GitHub commit ID"}
{"level":"info","ts":1586742658.2381454,"logger":"fallback-logger","caller":"creds-init/main.go:40","msg":"Credentials initialized."}

Showing logs for build [32mcb-kubecd-environment-pr-199-11-kwsmq-1[0m stage [32mfrom-build-pack[0m and container [32mstep-working-dir-initializer-k656g[0m
{"level":"warn","ts":1586742659.0977535,"logger":"fallback-logger","caller":"logging/config.go:69","msg":"Fetch GitHub commit ID from kodata failed: open /var/run/ko/HEAD: no such file or directory"}
{"level":"info","ts":1586742659.0996883,"logger":"fallback-logger","caller":"bash/main.go:64","msg":"Successfully executed command \"sh -c mkdir -p /workspace/source\"; output "}

Showing logs for build [32mcb-kubecd-environment-pr-199-11-kwsmq-1[0m stage [32mfrom-build-pack[0m and container [32mstep-place-tools[0m

Showing logs for build [32mcb-kubecd-environment-pr-199-11-kwsmq-1[0m stage [32mfrom-build-pack[0m and container [32mstep-git-source-cb-kubecd-environment-pr-199-11-kwsmq-jsst2[0m
{"level":"warn","ts":1586742664.3224018,"logger":"fallback-logger","caller":"logging/config.go:69","msg":"Fetch GitHub commit ID from kodata failed: \"ref: refs/heads/0.8.0-**-support-backwards-incompats\" is not a valid GitHub commit ID"}
{"level":"info","ts":1586742665.4084775,"logger":"fallback-logger","caller":"git/git.go:103","msg":"Successfully cloned https://github.com/cb-kubecd/environment-pr-199-113-boot-gke-staging.git @ master in path /workspace/source"}

Showing logs for build [32mcb-kubecd-environment-pr-199-11-kwsmq-1[0m stage [32mfrom-build-pack[0m and container [32mstep-git-merge[0m
Using SHAs from PULL_REFS=master:73db70ef0d79a545f3f6a0b7bbc5d4c52ab62291,7:4727a3c14194978a4902d765a9efd5e590bb1d72
DEBUG: LC_ALL=C JX_LOG_LEVEL=error git fetch origin --unshallow 4727a3c14194978a4902d765a9efd5e590bb1d72: 73db70ef0d79a545f3f6a0b7bbc5d4c52ab62291:
DEBUG: ran git fetch --unshallow origin 4727a3c14194978a4902d765a9efd5e590bb1d72: 73db70ef0d79a545f3f6a0b7bbc5d4c52ab62291: in 
DEBUG: JX_LOG_LEVEL=error LC_ALL=C git branch
DEBUG: JX_LOG_LEVEL=error LC_ALL=C git checkout master
DEBUG: ran git checkout master in 
DEBUG: LC_ALL=C JX_LOG_LEVEL=error git reset --hard 73db70ef0d79a545f3f6a0b7bbc5d4c52ab62291
DEBUG: ran git reset --hard 73db70ef0d79a545f3f6a0b7bbc5d4c52ab62291 in 
DEBUG: LC_ALL=C JX_LOG_LEVEL=error git clean -fd .
DEBUG: ran clean --force -d . in 
DEBUG: LC_ALL=C JX_LOG_LEVEL=error git merge 4727a3c14194978a4902d765a9efd5e590bb1d72
DEBUG: ran git merge 4727a3c14194978a4902d765a9efd5e590bb1d72 in 
DEBUG: JX_LOG_LEVEL=error LC_ALL=C git log --format=%H%x1f%an%x1f%ae%x1f%cn%x1f%ce%x1f%s%n%b%x1e 73db70ef0d79a545f3f6a0b7bbc5d4c52ab62291..HEAD
Merged SHA 4727a3c14194978a4902d765a9efd5e590bb1d72 with commit message 'chore: Promote bdd-nh-import-1586741384 to version 0.0.1' into base branch master

Showing logs for build [32mcb-kubecd-environment-pr-199-11-kwsmq-1[0m stage [32mfrom-build-pack[0m and container [32mstep-build-helm-build[0m
WARNING: No $CHART_REPOSITORY defined so using the default value of: http://jenkins-x-chartmuseum:8080
Adding missing Helm repo: storage.googleapis.com https://storage.googleapis.com/chartmuseum.jenkins-x.io
WARNING: No secrets found on "helm/repos" due: reading the secret "helm/repos" from vault: no secret "helm/repos" not found in vault
Read credentials for https://storage.googleapis.com/chartmuseum.jenkins-x.io from vault helm/repos
Successfully added Helm repository storage.googleapis.com.
Adding missing Helm repo: jenkins-x-chartmuseum http://jenkins-x-chartmuseum:8080
WARNING: No secrets found on "helm/repos" due: reading the secret "helm/repos" from vault: no secret "helm/repos" not found in vault
Read credentials for http://jenkins-x-chartmuseum:8080 from vault helm/repos
Successfully added Helm repository jenkins-x-chartmuseum.
WARNING: No $CHART_REPOSITORY defined so using the default value of: http://jenkins-x-chartmuseum:8080
Adding missing Helm repo: chartmuseum.jenkins-x.io http://chartmuseum.jenkins-x.io
WARNING: No secrets found on "helm/repos" due: reading the secret "helm/repos" from vault: no secret "helm/repos" not found in vault
Read credentials for http://chartmuseum.jenkins-x.io from vault helm/repos
Successfully added Helm repository chartmuseum.jenkins-x.io.
