
Showing logs for build [32mcb-kubecd-environment-pr-199-11-2c9tm-1[0m stage [32mfrom-build-pack[0m and container [32mstep-credential-initializer-vmrz7[0m
{"level":"warn","ts":1586740093.7513168,"logger":"fallback-logger","caller":"logging/config.go:69","msg":"Fetch GitHub commit ID from kodata failed: \"ref: refs/heads/0.8.0-**-support-backwards-incompats\" is not a valid GitHub commit ID"}
{"level":"info","ts":1586740093.7538564,"logger":"fallback-logger","caller":"creds-init/main.go:40","msg":"Credentials initialized."}

Showing logs for build [32mcb-kubecd-environment-pr-199-11-2c9tm-1[0m stage [32mfrom-build-pack[0m and container [32mstep-working-dir-initializer-b2t6m[0m
{"level":"warn","ts":1586740094.6531525,"logger":"fallback-logger","caller":"logging/config.go:69","msg":"Fetch GitHub commit ID from kodata failed: open /var/run/ko/HEAD: no such file or directory"}
{"level":"info","ts":1586740094.6576178,"logger":"fallback-logger","caller":"bash/main.go:64","msg":"Successfully executed command \"sh -c mkdir -p /workspace/source\"; output "}

Showing logs for build [32mcb-kubecd-environment-pr-199-11-2c9tm-1[0m stage [32mfrom-build-pack[0m and container [32mstep-place-tools[0m

Showing logs for build [32mcb-kubecd-environment-pr-199-11-2c9tm-1[0m stage [32mfrom-build-pack[0m and container [32mstep-git-source-cb-kubecd-environment-pr-199-11-2c9tm-46w7v[0m
{"level":"warn","ts":1586740099.7222188,"logger":"fallback-logger","caller":"logging/config.go:69","msg":"Fetch GitHub commit ID from kodata failed: \"ref: refs/heads/0.8.0-**-support-backwards-incompats\" is not a valid GitHub commit ID"}
{"level":"info","ts":1586740100.7997258,"logger":"fallback-logger","caller":"git/git.go:103","msg":"Successfully cloned https://github.com/cb-kubecd/environment-pr-199-113-boot-gke-staging.git @ master in path /workspace/source"}

Showing logs for build [32mcb-kubecd-environment-pr-199-11-2c9tm-1[0m stage [32mfrom-build-pack[0m and container [32mstep-git-merge[0m
Using SHAs from PULL_REFS=master:2e9c952eae1494ca430e07cfd0c84fa2528d2f2f,3:295c6e31bd670e1df07ca88d63e10a3beefb2da9
DEBUG: LC_ALL=C JX_LOG_LEVEL=error git fetch origin --unshallow 295c6e31bd670e1df07ca88d63e10a3beefb2da9: 2e9c952eae1494ca430e07cfd0c84fa2528d2f2f:
DEBUG: ran git fetch --unshallow origin 295c6e31bd670e1df07ca88d63e10a3beefb2da9: 2e9c952eae1494ca430e07cfd0c84fa2528d2f2f: in 
DEBUG: LC_ALL=C JX_LOG_LEVEL=error git branch
DEBUG: LC_ALL=C JX_LOG_LEVEL=error git checkout master
DEBUG: ran git checkout master in 
DEBUG: LC_ALL=C JX_LOG_LEVEL=error git reset --hard 2e9c952eae1494ca430e07cfd0c84fa2528d2f2f
DEBUG: ran git reset --hard 2e9c952eae1494ca430e07cfd0c84fa2528d2f2f in 
DEBUG: JX_LOG_LEVEL=error LC_ALL=C git clean -fd .
DEBUG: ran clean --force -d . in 
DEBUG: LC_ALL=C JX_LOG_LEVEL=error git merge 295c6e31bd670e1df07ca88d63e10a3beefb2da9
DEBUG: ran git merge 295c6e31bd670e1df07ca88d63e10a3beefb2da9 in 
DEBUG: LC_ALL=C JX_LOG_LEVEL=error git log --format=%H%x1f%an%x1f%ae%x1f%cn%x1f%ce%x1f%s%n%b%x1e 2e9c952eae1494ca430e07cfd0c84fa2528d2f2f..HEAD
Merged SHA 295c6e31bd670e1df07ca88d63e10a3beefb2da9 with commit message 'chore: Promote bdd-nh-1586738768 to version 0.0.1' into base branch master

Showing logs for build [32mcb-kubecd-environment-pr-199-11-2c9tm-1[0m stage [32mfrom-build-pack[0m and container [32mstep-build-helm-build[0m
WARNING: No $CHART_REPOSITORY defined so using the default value of: http://jenkins-x-chartmuseum:8080
Adding missing Helm repo: storage.googleapis.com https://storage.googleapis.com/chartmuseum.jenkins-x.io
WARNING: No secrets found on "helm/repos" due: reading the secret "helm/repos" from vault: no secret "helm/repos" not found in vault
Read credentials for https://storage.googleapis.com/chartmuseum.jenkins-x.io from vault helm/repos
Successfully added Helm repository storage.googleapis.com.
Adding missing Helm repo: jenkins-x-chartmuseum http://jenkins-x-chartmuseum:8080
WARNING: No secrets found on "helm/repos" due: reading the secret "helm/repos" from vault: no secret "helm/repos" not found in vault
Read credentials for http://jenkins-x-chartmuseum:8080 from vault helm/repos
Successfully added Helm repository jenkins-x-chartmuseum.
WARNING: No $CHART_REPOSITORY defined so using the default value of: http://jenkins-x-chartmuseum:8080
Adding missing Helm repo: chartmuseum.jenkins-x.io http://chartmuseum.jenkins-x.io
WARNING: No secrets found on "helm/repos" due: reading the secret "helm/repos" from vault: no secret "helm/repos" not found in vault
Read credentials for http://chartmuseum.jenkins-x.io from vault helm/repos
Successfully added Helm repository chartmuseum.jenkins-x.io.
